<?xml version="1.0" encoding="UTF-8"?>
<!-- Generated by org.testng.reporters.JUnitReportReporter -->
<testsuite hostname="CPX-E9IG1IE5Q6P" failures="0" tests="1" name="teste.web.regressivo.cadastrarUsuario.CT0011" time="3.403" errors="0" timestamp="2022-06-21T18:48:31 BRT" skipped="0">
  <testcase classname="teste.web.regressivo.cadastrarUsuario.CT0011" name="CT00011" time="3.403"/>
  <system-out/>
</testsuite> <!-- teste.web.regressivo.cadastrarUsuario.CT0011 -->
